2017-08-28 00:13:08,283 INFO [org.fengfei.lanproxy.client.ClientChannelMannager] - <update real server channel readability, true true>
2017-08-28 00:13:08,523 INFO [org.fengfei.lanproxy.client.ClientChannelMannager] - <update real server channel readability, true true>
2017-08-28 00:13:08,797 INFO [org.fengfei.lanproxy.client.ClientChannelMannager] - <update real server channel readability, true true>
2017-08-28 00:13:09,048 INFO [org.fengfei.lanproxy.client.ClientChannelMannager] - <update real server channel readability, true true>
2017-08-28 00:13:09,314 INFO [org.fengfei.lanproxy.client.ClientChannelMannager] - <update real server channel readability, true true>
2017-08-28 00:13:09,647 INFO [org.fengfei.lanproxy.client.ClientChannelMannager] - <update real server channel readability, true true>
2017-08-28 00:13:09,930 INFO [org.fengfei.lanproxy.client.ClientChannelMannager] - <update real server channel readability, true true>
2017-08-28 00:13:10,277 INFO [org.fengfei.lanproxy.client.ClientChannelMannager] - <update real server channel readability, true true>
2017-08-28 00:13:10,517 INFO [org.fengfei.lanproxy.client.ClientChannelMannager] - <update real server channel readability, true true>
2017-08-28 00:13:10,775 INFO [org.fengfei.lanproxy.client.ClientChannelMannager] - <update real server channel readability, true true>
2017-08-28 00:13:10,978 INFO [org.fengfei.lanproxy.client.ClientChannelMannager] - <update real server channel readability, true true>
2017-08-28 00:13:11,215 INFO [org.fengfei.lanproxy.client.ClientChannelMannager] - <update real server channel readability, true true>
2017-08-28 00:13:11,419 INFO [org.fengfei.lanproxy.client.ClientChannelMannager] - <update real server channel readability, true true>
2017-08-28 00:13:11,610 INFO [org.fengfei.lanproxy.client.ClientChannelMannager] - <update real server channel readability, true true>
2017-08-28 00:13:11,951 INFO [org.fengfei.lanproxy.client.ClientChannelMannager] - <update real server channel readability, true true>
2017-08-28 00:13:12,233 INFO [org.fengfei.lanproxy.client.ClientChannelMannager] - <update real server channel readability, true true>
2017-08-28 00:13:12,461 INFO [org.fengfei.lanproxy.client.ClientChannelMannager] - <update real server channel readability, true true>
2017-08-28 00:13:12,744 INFO [org.fengfei.lanproxy.client.ClientChannelMannager] - <update real server channel readability, true true>
2017-08-28 00:13:12,951 INFO [org.fengfei.lanproxy.client.ClientChannelMannager] - <update real server channel readability, true true>
2017-08-28 00:13:13,185 INFO [org.fengfei.lanproxy.client.ClientChannelMannager] - <update real server channel readability, true true>
2017-08-28 00:13:13,420 INFO [org.fengfei.lanproxy.client.ClientChannelMannager] - <update real server channel readability, true true>
2017-08-28 00:13:13,626 INFO [org.fengfei.lanproxy.client.ClientChannelMannager] - <update real server channel readability, true true>
2017-08-28 00:13:13,779 INFO [org.fengfei.lanproxy.client.ClientChannelMannager] - <update real server channel readability, true true>
2017-08-28 00:13:13,999 INFO [org.fengfei.lanproxy.client.ClientChannelMannager] - <update real server channel readability, true true>
2017-08-28 00:13:14,255 INFO [org.fengfei.lanproxy.client.ClientChannelMannager] - <update real server channel readability, true true>
2017-08-28 00:13:14,439 INFO [org.fengfei.lanproxy.client.ClientChannelMannager] - <update real server channel readability, true true>
2017-08-28 00:13:14,686 INFO [org.fengfei.lanproxy.client.ClientChannelMannager] - <update real server channel readability, true true>
2017-08-28 00:13:14,986 INFO [org.fengfei.lanproxy.client.ClientChannelMannager] - <update real server channel readability, true true>
2017-08-28 00:13:15,288 INFO [org.fengfei.lanproxy.client.ClientChannelMannager] - <update real server channel readability, true true>
2017-08-28 00:13:15,564 INFO [org.fengfei.lanproxy.client.ClientChannelMannager] - <update real server channel readability, true true>
2017-08-28 00:13:15,822 INFO [org.fengfei.lanproxy.client.ClientChannelMannager] - <update real server channel readability, true true>
2017-08-28 00:13:16,120 INFO [org.fengfei.lanproxy.client.ClientChannelMannager] - <update real server channel readability, true true>
2017-08-28 00:13:16,415 INFO [org.fengfei.lanproxy.client.ClientChannelMannager] - <update real server channel readability, true true>
2017-08-28 00:13:16,654 INFO [org.fengfei.lanproxy.client.ClientChannelMannager] - <update real server channel readability, true true>
2017-08-28 00:13:16,890 INFO [org.fengfei.lanproxy.client.ClientChannelMannager] - <update real server channel readability, true true>
2017-08-28 00:13:17,155 INFO [org.fengfei.lanproxy.client.ClientChannelMannager] - <update real server channel readability, true true>
2017-08-28 00:13:17,393 INFO [org.fengfei.lanproxy.client.ClientChannelMannager] - <update real server channel readability, true true>
2017-08-28 00:53:49,105 INFO [org.fengfei.lanproxy.client.ClientChannelMannager] - <update real server channel readability, true true>
2017-08-28 01:42:32,286 INFO [org.fengfei.lanproxy.client.ClientChannelMannager] - <update real server channel readability, true true>
2017-08-28 01:42:32,466 INFO [org.fengfei.lanproxy.client.ClientChannelMannager] - <update real server channel readability, true true>
2017-08-28 01:42:32,647 INFO [org.fengfei.lanproxy.client.ClientChannelMannager] - <update real server channel readability, true true>
2017-08-28 01:42:32,830 INFO [org.fengfei.lanproxy.client.ClientChannelMannager] - <update real server channel readability, true true>
2017-08-28 01:42:33,037 INFO [org.fengfei.lanproxy.client.ClientChannelMannager] - <update real server channel readability, true true>
2017-08-28 01:42:33,220 INFO [org.fengfei.lanproxy.client.ClientChannelMannager] - <update real server channel readability, true true>
2017-08-28 01:42:33,401 INFO [org.fengfei.lanproxy.client.ClientChannelMannager] - <update real server channel readability, true true>
2017-08-28 01:42:33,593 INFO [org.fengfei.lanproxy.client.ClientChannelMannager] - <update real server channel readability, true true>
2017-08-28 01:42:33,771 INFO [org.fengfei.lanproxy.client.ClientChannelMannager] - <update real server channel readability, true true>
2017-08-28 01:42:33,952 INFO [org.fengfei.lanproxy.client.ClientChannelMannager] - <update real server channel readability, true true>
2017-08-28 01:42:34,134 INFO [org.fengfei.lanproxy.client.ClientChannelMannager] - <update real server channel readability, true true>
2017-08-28 01:42:34,318 INFO [org.fengfei.lanproxy.client.ClientChannelMannager] - <update real server channel readability, true true>
2017-08-28 01:42:34,505 INFO [org.fengfei.lanproxy.client.ClientChannelMannager] - <update real server channel readability, true true>
2017-08-28 01:42:34,684 INFO [org.fengfei.lanproxy.client.ClientChannelMannager] - <update real server channel readability, true true>
2017-08-28 01:42:34,868 INFO [org.fengfei.lanproxy.client.ClientChannelMannager] - <update real server channel readability, true true>
2017-08-28 01:42:35,058 INFO [org.fengfei.lanproxy.client.ClientChannelMannager] - <update real server channel readability, true true>
2017-08-28 01:42:35,242 INFO [org.fengfei.lanproxy.client.ClientChannelMannager] - <update real server channel readability, true true>
2017-08-28 01:42:35,420 INFO [org.fengfei.lanproxy.client.ClientChannelMannager] - <update real server channel readability, true true>
2017-08-28 01:42:35,590 INFO [org.fengfei.lanproxy.client.ClientChannelMannager] - <update real server channel readability, true true>
2017-08-28 01:42:35,767 INFO [org.fengfei.lanproxy.client.ClientChannelMannager] - <update real server channel readability, true true>
2017-08-28 01:42:36,156 INFO [org.fengfei.lanproxy.client.ClientChannelMannager] - <update real server channel readability, true true>
2017-08-28 01:42:36,330 INFO [org.fengfei.lanproxy.client.ClientChannelMannager] - <update real server channel readability, true true>
2017-08-28 01:42:36,507 INFO [org.fengfei.lanproxy.client.ClientChannelMannager] - <update real server channel readability, true true>
2017-08-28 01:42:36,681 INFO [org.fengfei.lanproxy.client.ClientChannelMannager] - <update real server channel readability, true true>
2017-08-28 01:42:36,860 INFO [org.fengfei.lanproxy.client.ClientChannelMannager] - <update real server channel readability, true true>
2017-08-28 01:42:37,046 INFO [org.fengfei.lanproxy.client.ClientChannelMannager] - <update real server channel readability, true true>
2017-08-28 01:42:37,222 INFO [org.fengfei.lanproxy.client.ClientChannelMannager] - <update real server channel readability, true true>
2017-08-28 01:42:37,404 INFO [org.fengfei.lanproxy.client.ClientChannelMannager] - <update real server channel readability, true true>
2017-08-28 01:42:37,582 INFO [org.fengfei.lanproxy.client.ClientChannelMannager] - <update real server channel readability, true true>
2017-08-28 01:42:37,767 INFO [org.fengfei.lanproxy.client.ClientChannelMannager] - <update real server channel readability, true true>
2017-08-28 01:42:37,948 INFO [org.fengfei.lanproxy.client.ClientChannelMannager] - <update real server channel readability, true true>
2017-08-28 01:42:38,124 INFO [org.fengfei.lanproxy.client.ClientChannelMannager] - <update real server channel readability, true true>
2017-08-28 01:42:38,298 INFO [org.fengfei.lanproxy.client.ClientChannelMannager] - <update real server channel readability, true true>
2017-08-28 01:42:38,471 INFO [org.fengfei.lanproxy.client.ClientChannelMannager] - <update real server channel readability, true true>
2017-08-28 01:42:38,654 INFO [org.fengfei.lanproxy.client.ClientChannelMannager] - <update real server channel readability, true true>
2017-08-28 01:42:38,836 INFO [org.fengfei.lanproxy.client.ClientChannelMannager] - <update real server channel readability, true true>
2017-08-28 01:42:39,025 INFO [org.fengfei.lanproxy.client.ClientChannelMannager] - <update real server channel readability, true true>
2017-08-28 01:42:39,211 INFO [org.fengfei.lanproxy.client.ClientChannelMannager] - <update real server channel readability, true true>
2017-08-28 02:35:58,643 INFO [org.fengfei.lanproxy.client.ClientChannelMannager] - <update real server channel readability, true true>
2017-08-28 03:06:28,825 WARN [org.fengfei.lanproxy.client.ClientChannelMannager] - <channel closed, clear real server channels>
2017-08-28 03:06:30,869 INFO [org.fengfei.lanproxy.client.ProxyClientContainer] - <connect proxy server success, [id: 0x1ef0cdf8, L:/192.168.117.254:62602 - R:/182.61.61.215:4900]>
2017-08-28 03:32:41,232 INFO [org.fengfei.lanproxy.client.ClientChannelMannager] - <update real server channel readability, true true>
2017-08-28 03:32:42,281 INFO [org.fengfei.lanproxy.client.ClientChannelMannager] - <update real server channel readability, true true>
2017-08-28 03:32:43,964 INFO [org.fengfei.lanproxy.client.ClientChannelMannager] - <update real server channel readability, true true>
2017-08-28 03:32:45,115 INFO [org.fengfei.lanproxy.client.ClientChannelMannager] - <update real server channel readability, true true>
2017-08-28 03:32:45,428 INFO [org.fengfei.lanproxy.client.ClientChannelMannager] - <update real server channel readability, true true>
2017-08-28 03:32:46,218 INFO [org.fengfei.lanproxy.client.ClientChannelMannager] - <update real server channel readability, true true>
2017-08-28 03:32:47,844 INFO [org.fengfei.lanproxy.client.ClientChannelMannager] - <update real server channel readability, true true>
2017-08-28 03:32:48,016 INFO [org.fengfei.lanproxy.client.ClientChannelMannager] - <update real server channel readability, true true>
2017-08-28 03:32:48,878 INFO [org.fengfei.lanproxy.client.ClientChannelMannager] - <update real server channel readability, true true>
2017-08-28 03:32:50,605 INFO [org.fengfei.lanproxy.client.ClientChannelMannager] - <update real server channel readability, true true>
2017-08-28 03:32:51,428 INFO [org.fengfei.lanproxy.client.ClientChannelMannager] - <update real server channel readability, true true>
2017-08-28 03:32:53,177 INFO [org.fengfei.lanproxy.client.ClientChannelMannager] - <update real server channel readability, true true>
2017-08-28 03:32:53,364 INFO [org.fengfei.lanproxy.client.ClientChannelMannager] - <update real server channel readability, true true>
2017-08-28 03:32:54,283 INFO [org.fengfei.lanproxy.client.ClientChannelMannager] - <update real server channel readability, true true>
2017-08-28 03:32:55,985 INFO [org.fengfei.lanproxy.client.ClientChannelMannager] - <update real server channel readability, true true>
2017-08-28 03:32:56,869 INFO [org.fengfei.lanproxy.client.ClientChannelMannager] - <update real server channel readability, true true>
2017-08-28 03:32:58,522 INFO [org.fengfei.lanproxy.client.ClientChannelMannager] - <update real server channel readability, true true>
2017-08-28 03:32:59,576 INFO [org.fengfei.lanproxy.client.ClientChannelMannager] - <update real server channel readability, true true>
2017-08-28 03:33:01,214 INFO [org.fengfei.lanproxy.client.ClientChannelMannager] - <update real server channel readability, true true>
2017-08-28 03:33:01,875 INFO [org.fengfei.lanproxy.client.ClientChannelMannager] - <update real server channel readability, true true>
2017-08-28 03:33:03,843 INFO [org.fengfei.lanproxy.client.ClientChannelMannager] - <update real server channel readability, true true>
2017-08-28 03:33:05,735 INFO [org.fengfei.lanproxy.client.ClientChannelMannager] - <update real server channel readability, true true>
2017-08-28 03:33:06,544 INFO [org.fengfei.lanproxy.client.ClientChannelMannager] - <update real server channel readability, true true>
2017-08-28 03:33:07,186 INFO [org.fengfei.lanproxy.client.ClientChannelMannager] - <update real server channel readability, true true>
2017-08-28 03:33:08,984 INFO [org.fengfei.lanproxy.client.ClientChannelMannager] - <update real server channel readability, true true>
2017-08-28 03:33:09,946 INFO [org.fengfei.lanproxy.client.ClientChannelMannager] - <update real server channel readability, true true>
2017-08-28 03:33:11,866 INFO [org.fengfei.lanproxy.client.ClientChannelMannager] - <update real server channel readability, true true>
2017-08-28 03:33:13,463 INFO [org.fengfei.lanproxy.client.ClientChannelMannager] - <update real server channel readability, true true>
2017-08-28 03:33:14,319 INFO [org.fengfei.lanproxy.client.ClientChannelMannager] - <update real server channel readability, true true>
2017-08-28 03:33:16,128 INFO [org.fengfei.lanproxy.client.ClientChannelMannager] - <update real server channel readability, true true>
2017-08-28 03:33:17,957 INFO [org.fengfei.lanproxy.client.ClientChannelMannager] - <update real server channel readability, true true>
2017-08-28 03:33:18,884 INFO [org.fengfei.lanproxy.client.ClientChannelMannager] - <update real server channel readability, true true>
2017-08-28 03:33:20,494 INFO [org.fengfei.lanproxy.client.ClientChannelMannager] - <update real server channel readability, true true>
2017-08-28 03:33:23,345 INFO [org.fengfei.lanproxy.client.ClientChannelMannager] - <update real server channel readability, true true>
2017-08-28 03:33:24,308 INFO [org.fengfei.lanproxy.client.ClientChannelMannager] - <update real server channel readability, true true>
2017-08-28 03:33:26,207 INFO [org.fengfei.lanproxy.client.ClientChannelMannager] - <update real server channel readability, true true>
2017-08-28 03:33:28,098 INFO [org.fengfei.lanproxy.client.ClientChannelMannager] - <update real server channel readability, true true>
2017-08-28 03:33:29,575 INFO [org.fengfei.lanproxy.client.ClientChannelMannager] - <update real server channel readability, true true>
2017-08-28 03:33:31,110 INFO [org.fengfei.lanproxy.client.ClientChannelMannager] - <update real server channel readability, true true>
2017-08-28 03:33:32,553 INFO [org.fengfei.lanproxy.client.ClientChannelMannager] - <update real server channel readability, true true>
2017-08-28 03:33:33,497 INFO [org.fengfei.lanproxy.client.ClientChannelMannager] - <update real server channel readability, true true>
2017-08-28 03:33:34,323 INFO [org.fengfei.lanproxy.client.ClientChannelMannager] - <update real server channel readability, true true>
2017-08-28 03:33:35,808 INFO [org.fengfei.lanproxy.client.ClientChannelMannager] - <update real server channel readability, true true>
2017-08-28 03:33:37,457 INFO [org.fengfei.lanproxy.client.ClientChannelMannager] - <update real server channel readability, true true>
2017-08-28 03:33:38,922 INFO [org.fengfei.lanproxy.client.ClientChannelMannager] - <update real server channel readability, true true>
2017-08-28 03:33:39,852 INFO [org.fengfei.lanproxy.client.ClientChannelMannager] - <update real server channel readability, true true>
2017-08-28 03:55:02,423 INFO [org.fengfei.lanproxy.client.ClientChannelMannager] - <update real server channel readability, true true>
2017-08-28 03:55:02,534 INFO [org.fengfei.lanproxy.client.ClientChannelMannager] - <update real server channel readability, true true>
2017-08-28 03:55:08,807 INFO [org.fengfei.lanproxy.client.ClientChannelMannager] - <update real server channel readability, true true>
2017-08-28 03:55:08,979 INFO [org.fengfei.lanproxy.client.ClientChannelMannager] - <update real server channel readability, true true>
2017-08-28 03:55:10,980 INFO [org.fengfei.lanproxy.client.ClientChannelMannager] - <update real server channel readability, true true>
2017-08-28 03:55:11,158 INFO [org.fengfei.lanproxy.client.ClientChannelMannager] - <update real server channel readability, true true>
2017-08-28 03:58:08,209 INFO [org.fengfei.lanproxy.client.ClientChannelMannager] - <update real server channel readability, true true>
2017-08-28 03:58:09,033 INFO [org.fengfei.lanproxy.client.ClientChannelMannager] - <update real server channel readability, true true>
2017-08-28 03:58:10,793 INFO [org.fengfei.lanproxy.client.ClientChannelMannager] - <update real server channel readability, true true>
2017-08-28 03:58:11,578 INFO [org.fengfei.lanproxy.client.ClientChannelMannager] - <update real server channel readability, true true>
2017-08-28 03:58:12,368 INFO [org.fengfei.lanproxy.client.ClientChannelMannager] - <update real server channel readability, true true>
2017-08-28 03:58:13,159 INFO [org.fengfei.lanproxy.client.ClientChannelMannager] - <update real server channel readability, true true>
2017-08-28 03:58:14,738 INFO [org.fengfei.lanproxy.client.ClientChannelMannager] - <update real server channel readability, true true>
2017-08-28 03:58:16,179 INFO [org.fengfei.lanproxy.client.ClientChannelMannager] - <update real server channel readability, true true>
2017-08-28 03:58:17,248 INFO [org.fengfei.lanproxy.client.ClientChannelMannager] - <update real server channel readability, true true>
2017-08-28 03:58:18,056 INFO [org.fengfei.lanproxy.client.ClientChannelMannager] - <update real server channel readability, true true>
2017-08-28 03:58:18,834 INFO [org.fengfei.lanproxy.client.ClientChannelMannager] - <update real server channel readability, true true>
2017-08-28 03:58:19,822 INFO [org.fengfei.lanproxy.client.ClientChannelMannager] - <update real server channel readability, true true>
2017-08-28 03:58:23,605 INFO [org.fengfei.lanproxy.client.ClientChannelMannager] - <update real server channel readability, true true>
2017-08-28 03:58:24,370 INFO [org.fengfei.lanproxy.client.ClientChannelMannager] - <update real server channel readability, true true>
2017-08-28 03:58:25,181 INFO [org.fengfei.lanproxy.client.ClientChannelMannager] - <update real server channel readability, true true>
2017-08-28 03:58:25,971 INFO [org.fengfei.lanproxy.client.ClientChannelMannager] - <update real server channel readability, true true>
2017-08-28 03:58:26,828 INFO [org.fengfei.lanproxy.client.ClientChannelMannager] - <update real server channel readability, true true>
2017-08-28 03:58:27,606 INFO [org.fengfei.lanproxy.client.ClientChannelMannager] - <update real server channel readability, true true>
2017-08-28 03:58:28,602 INFO [org.fengfei.lanproxy.client.ClientChannelMannager] - <update real server channel readability, true true>
2017-08-28 03:58:29,394 INFO [org.fengfei.lanproxy.client.ClientChannelMannager] - <update real server channel readability, true true>
2017-08-28 03:58:30,176 INFO [org.fengfei.lanproxy.client.ClientChannelMannager] - <update real server channel readability, true true>
2017-08-28 03:58:31,018 INFO [org.fengfei.lanproxy.client.ClientChannelMannager] - <update real server channel readability, true true>
2017-08-28 03:58:31,999 INFO [org.fengfei.lanproxy.client.ClientChannelMannager] - <update real server channel readability, true true>
2017-08-28 03:58:32,859 INFO [org.fengfei.lanproxy.client.ClientChannelMannager] - <update real server channel readability, true true>
2017-08-28 03:58:33,658 INFO [org.fengfei.lanproxy.client.ClientChannelMannager] - <update real server channel readability, true true>
2017-08-28 03:58:34,463 INFO [org.fengfei.lanproxy.client.ClientChannelMannager] - <update real server channel readability, true true>
2017-08-28 03:58:35,262 INFO [org.fengfei.lanproxy.client.ClientChannelMannager] - <update real server channel readability, true true>
2017-08-28 03:58:36,093 INFO [org.fengfei.lanproxy.client.ClientChannelMannager] - <update real server channel readability, true true>
2017-08-28 03:58:36,860 INFO [org.fengfei.lanproxy.client.ClientChannelMannager] - <update real server channel readability, true true>
2017-08-28 03:58:37,653 INFO [org.fengfei.lanproxy.client.ClientChannelMannager] - <update real server channel readability, true true>
2017-08-28 04:12:54,080 INFO [org.fengfei.lanproxy.client.ClientChannelMannager] - <update real server channel readability, true true>
2017-08-28 04:12:54,393 INFO [org.fengfei.lanproxy.client.ClientChannelMannager] - <update real server channel readability, true true>
2017-08-28 04:12:54,709 INFO [org.fengfei.lanproxy.client.ClientChannelMannager] - <update real server channel readability, true true>
2017-08-28 04:12:55,019 INFO [org.fengfei.lanproxy.client.ClientChannelMannager] - <update real server channel readability, true true>
2017-08-28 04:25:09,723 INFO [org.fengfei.lanproxy.client.ClientChannelMannager] - <update real server channel readability, true true>
2017-08-28 04:31:11,077 INFO [org.fengfei.lanproxy.client.ClientChannelMannager] - <update real server channel readability, true true>
2017-08-28 04:31:20,274 INFO [org.fengfei.lanproxy.client.ClientChannelMannager] - <update real server channel readability, true true>
2017-08-28 04:31:23,491 INFO [org.fengfei.lanproxy.client.ClientChannelMannager] - <update real server channel readability, true true>
2017-08-28 04:31:23,722 INFO [org.fengfei.lanproxy.client.ClientChannelMannager] - <update real server channel readability, true true>
2017-08-28 04:31:23,970 INFO [org.fengfei.lanproxy.client.ClientChannelMannager] - <update real server channel readability, true true>
2017-08-28 04:31:24,203 INFO [org.fengfei.lanproxy.client.ClientChannelMannager] - <update real server channel readability, true true>
2017-08-28 04:31:24,454 INFO [org.fengfei.lanproxy.client.ClientChannelMannager] - <update real server channel readability, true true>
2017-08-28 04:31:24,678 INFO [org.fengfei.lanproxy.client.ClientChannelMannager] - <update real server channel readability, true true>
2017-08-28 04:31:25,131 INFO [org.fengfei.lanproxy.client.ClientChannelMannager] - <update real server channel readability, true true>
2017-08-28 05:07:05,485 INFO [org.fengfei.lanproxy.client.ClientChannelMannager] - <update real server channel readability, true true>
2017-08-28 05:20:54,605 INFO [org.fengfei.lanproxy.client.ClientChannelMannager] - <update real server channel readability, true true>
2017-08-28 05:20:54,751 INFO [org.fengfei.lanproxy.client.ClientChannelMannager] - <update real server channel readability, true true>
2017-08-28 05:20:54,887 INFO [org.fengfei.lanproxy.client.ClientChannelMannager] - <update real server channel readability, true true>
2017-08-28 05:20:55,023 INFO [org.fengfei.lanproxy.client.ClientChannelMannager] - <update real server channel readability, true true>
2017-08-28 05:20:55,173 INFO [org.fengfei.lanproxy.client.ClientChannelMannager] - <update real server channel readability, true true>
2017-08-28 05:20:55,305 INFO [org.fengfei.lanproxy.client.ClientChannelMannager] - <update real server channel readability, true true>
2017-08-28 05:20:55,436 INFO [org.fengfei.lanproxy.client.ClientChannelMannager] - <update real server channel readability, true true>
2017-08-28 05:20:55,571 INFO [org.fengfei.lanproxy.client.ClientChannelMannager] - <update real server channel readability, true true>
2017-08-28 05:20:55,702 INFO [org.fengfei.lanproxy.client.ClientChannelMannager] - <update real server channel readability, true true>
2017-08-28 05:20:55,833 INFO [org.fengfei.lanproxy.client.ClientChannelMannager] - <update real server channel readability, true true>
2017-08-28 05:20:55,968 INFO [org.fengfei.lanproxy.client.ClientChannelMannager] - <update real server channel readability, true true>
2017-08-28 05:51:12,823 INFO [org.fengfei.lanproxy.client.ClientChannelMannager] - <update real server channel readability, true true>
2017-08-28 05:59:53,885 INFO [org.fengfei.lanproxy.client.ClientChannelMannager] - <update real server channel readability, true true>
2017-08-28 06:00:23,307 INFO [org.fengfei.lanproxy.client.ClientChannelMannager] - <update real server channel readability, true true>
2017-08-28 06:11:35,106 INFO [org.fengfei.lanproxy.client.ClientChannelMannager] - <update real server channel readability, true true>
2017-08-28 06:15:53,658 INFO [org.fengfei.lanproxy.client.ClientChannelMannager] - <update real server channel readability, true true>
2017-08-28 06:23:42,184 INFO [org.fengfei.lanproxy.client.ClientChannelMannager] - <update real server channel readability, true true>
2017-08-28 06:25:22,027 INFO [org.fengfei.lanproxy.client.ClientChannelMannager] - <update real server channel readability, true true>
2017-08-28 06:38:50,057 INFO [org.fengfei.lanproxy.client.ClientChannelMannager] - <update real server channel readability, true true>
2017-08-28 06:42:34,766 INFO [org.fengfei.lanproxy.client.ClientChannelMannager] - <update real server channel readability, true true>
2017-08-28 06:49:24,205 INFO [org.fengfei.lanproxy.client.ClientChannelMannager] - <update real server channel readability, true true>
2017-08-28 06:49:29,651 INFO [org.fengfei.lanproxy.client.ClientChannelMannager] - <update real server channel readability, true true>
2017-08-28 06:55:27,476 INFO [org.fengfei.lanproxy.client.ClientChannelMannager] - <update real server channel readability, true true>
2017-08-28 07:25:43,376 INFO [org.fengfei.lanproxy.client.ClientChannelMannager] - <update real server channel readability, true true>
2017-08-28 07:25:43,925 INFO [org.fengfei.lanproxy.client.ClientChannelMannager] - <update real server channel readability, true true>
2017-08-28 07:39:07,395 INFO [org.fengfei.lanproxy.client.ClientChannelMannager] - <update real server channel readability, true true>
2017-08-28 07:59:32,749 INFO [org.fengfei.lanproxy.client.ClientChannelMannager] - <update real server channel readability, true true>
2017-08-28 08:19:45,914 INFO [org.fengfei.lanproxy.client.ClientChannelMannager] - <update real server channel readability, true true>
2017-08-28 08:28:14,200 INFO [org.fengfei.lanproxy.client.ClientChannelMannager] - <update real server channel readability, true true>
2017-08-28 08:28:20,174 INFO [org.fengfei.lanproxy.client.ClientChannelMannager] - <update real server channel readability, true true>
2017-08-28 08:51:55,087 INFO [org.fengfei.lanproxy.client.ClientChannelMannager] - <update real server channel readability, true true>
2017-08-28 08:52:03,437 INFO [org.fengfei.lanproxy.client.ClientChannelMannager] - <update real server channel readability, true true>
2017-08-28 08:52:05,950 INFO [org.fengfei.lanproxy.client.ClientChannelMannager] - <update real server channel readability, true true>
2017-08-28 10:29:03,480 INFO [org.fengfei.lanproxy.client.ClientChannelMannager] - <update real server channel readability, true true>
2017-08-28 10:29:04,642 INFO [org.fengfei.lanproxy.client.ClientChannelMannager] - <update real server channel readability, true true>
2017-08-28 10:29:05,918 INFO [org.fengfei.lanproxy.client.ClientChannelMannager] - <update real server channel readability, true true>
2017-08-28 10:29:07,008 INFO [org.fengfei.lanproxy.client.ClientChannelMannager] - <update real server channel readability, true true>
2017-08-28 10:29:08,155 INFO [org.fengfei.lanproxy.client.ClientChannelMannager] - <update real server channel readability, true true>
2017-08-28 10:29:09,316 INFO [org.fengfei.lanproxy.client.ClientChannelMannager] - <update real server channel readability, true true>
2017-08-28 10:29:10,281 INFO [org.fengfei.lanproxy.client.ClientChannelMannager] - <update real server channel readability, true true>
2017-08-28 10:29:11,271 INFO [org.fengfei.lanproxy.client.ClientChannelMannager] - <update real server channel readability, true true>
2017-08-28 10:29:12,356 INFO [org.fengfei.lanproxy.client.ClientChannelMannager] - <update real server channel readability, true true>
2017-08-28 10:29:13,609 INFO [org.fengfei.lanproxy.client.ClientChannelMannager] - <update real server channel readability, true true>
2017-08-28 10:29:14,494 INFO [org.fengfei.lanproxy.client.ClientChannelMannager] - <update real server channel readability, true true>
2017-08-28 10:29:15,407 INFO [org.fengfei.lanproxy.client.ClientChannelMannager] - <update real server channel readability, true true>
2017-08-28 10:29:16,307 INFO [org.fengfei.lanproxy.client.ClientChannelMannager] - <update real server channel readability, true true>
2017-08-28 10:29:17,404 INFO [org.fengfei.lanproxy.client.ClientChannelMannager] - <update real server channel readability, true true>
2017-08-28 10:29:19,048 INFO [org.fengfei.lanproxy.client.ClientChannelMannager] - <update real server channel readability, true true>
2017-08-28 10:29:20,149 INFO [org.fengfei.lanproxy.client.ClientChannelMannager] - <update real server channel readability, true true>
2017-08-28 10:29:21,242 INFO [org.fengfei.lanproxy.client.ClientChannelMannager] - <update real server channel readability, true true>
2017-08-28 10:29:22,431 INFO [org.fengfei.lanproxy.client.ClientChannelMannager] - <update real server channel readability, true true>
2017-08-28 10:29:23,568 INFO [org.fengfei.lanproxy.client.ClientChannelMannager] - <update real server channel readability, true true>
2017-08-28 10:29:25,101 INFO [org.fengfei.lanproxy.client.ClientChannelMannager] - <update real server channel readability, true true>
2017-08-28 10:29:26,354 INFO [org.fengfei.lanproxy.client.ClientChannelMannager] - <update real server channel readability, true true>
2017-08-28 10:29:28,045 INFO [org.fengfei.lanproxy.client.ClientChannelMannager] - <update real server channel readability, true true>
2017-08-28 10:29:28,998 INFO [org.fengfei.lanproxy.client.ClientChannelMannager] - <update real server channel readability, true true>
2017-08-28 10:29:30,588 INFO [org.fengfei.lanproxy.client.ClientChannelMannager] - <update real server channel readability, true true>
2017-08-28 10:29:32,073 INFO [org.fengfei.lanproxy.client.ClientChannelMannager] - <update real server channel readability, true true>
2017-08-28 10:29:33,530 INFO [org.fengfei.lanproxy.client.ClientChannelMannager] - <update real server channel readability, true true>
2017-08-28 10:29:36,359 INFO [org.fengfei.lanproxy.client.ClientChannelMannager] - <update real server channel readability, true true>
2017-08-28 10:29:37,637 INFO [org.fengfei.lanproxy.client.ClientChannelMannager] - <update real server channel readability, true true>
2017-08-28 10:29:38,902 INFO [org.fengfei.lanproxy.client.ClientChannelMannager] - <update real server channel readability, true true>
2017-08-28 10:29:40,151 INFO [org.fengfei.lanproxy.client.ClientChannelMannager] - <update real server channel readability, true true>
2017-08-28 10:29:41,515 INFO [org.fengfei.lanproxy.client.ClientChannelMannager] - <update real server channel readability, true true>
2017-08-28 10:29:42,787 INFO [org.fengfei.lanproxy.client.ClientChannelMannager] - <update real server channel readability, true true>
2017-08-28 10:29:44,118 INFO [org.fengfei.lanproxy.client.ClientChannelMannager] - <update real server channel readability, true true>
2017-08-28 10:33:31,103 INFO [org.fengfei.lanproxy.client.ClientChannelMannager] - <update real server channel readability, true true>
2017-08-28 10:33:31,276 INFO [org.fengfei.lanproxy.client.ClientChannelMannager] - <update real server channel readability, true true>
2017-08-28 10:33:31,512 INFO [org.fengfei.lanproxy.client.ClientChannelMannager] - <update real server channel readability, true true>
2017-08-28 10:33:31,702 INFO [org.fengfei.lanproxy.client.ClientChannelMannager] - <update real server channel readability, true true>
2017-08-28 10:33:31,884 INFO [org.fengfei.lanproxy.client.ClientChannelMannager] - <update real server channel readability, true true>
2017-08-28 10:33:32,080 INFO [org.fengfei.lanproxy.client.ClientChannelMannager] - <update real server channel readability, true true>
2017-08-28 10:33:32,263 INFO [org.fengfei.lanproxy.client.ClientChannelMannager] - <update real server channel readability, true true>
2017-08-28 10:33:32,447 INFO [org.fengfei.lanproxy.client.ClientChannelMannager] - <update real server channel readability, true true>
2017-08-28 10:33:32,711 INFO [org.fengfei.lanproxy.client.ClientChannelMannager] - <update real server channel readability, true true>
2017-08-28 10:33:32,907 INFO [org.fengfei.lanproxy.client.ClientChannelMannager] - <update real server channel readability, true true>
2017-08-28 10:33:33,294 INFO [org.fengfei.lanproxy.client.ClientChannelMannager] - <update real server channel readability, true true>
2017-08-28 10:33:33,909 INFO [org.fengfei.lanproxy.client.ClientChannelMannager] - <update real server channel readability, true true>
2017-08-28 10:33:34,277 INFO [org.fengfei.lanproxy.client.ClientChannelMannager] - <update real server channel readability, true true>
2017-08-28 10:33:34,800 INFO [org.fengfei.lanproxy.client.ClientChannelMannager] - <update real server channel readability, true true>
2017-08-28 10:33:35,158 INFO [org.fengfei.lanproxy.client.ClientChannelMannager] - <update real server channel readability, true true>
2017-08-28 10:33:35,416 INFO [org.fengfei.lanproxy.client.ClientChannelMannager] - <update real server channel readability, true true>
2017-08-28 10:33:35,828 INFO [org.fengfei.lanproxy.client.ClientChannelMannager] - <update real server channel readability, true true>
2017-08-28 10:33:36,048 INFO [org.fengfei.lanproxy.client.ClientChannelMannager] - <update real server channel readability, true true>
2017-08-28 10:33:36,342 INFO [org.fengfei.lanproxy.client.ClientChannelMannager] - <update real server channel readability, true true>
2017-08-28 10:33:36,620 INFO [org.fengfei.lanproxy.client.ClientChannelMannager] - <update real server channel readability, true true>
2017-08-28 10:33:36,889 INFO [org.fengfei.lanproxy.client.ClientChannelMannager] - <update real server channel readability, true true>
2017-08-28 10:33:37,116 INFO [org.fengfei.lanproxy.client.ClientChannelMannager] - <update real server channel readability, true true>
2017-08-28 10:33:37,355 INFO [org.fengfei.lanproxy.client.ClientChannelMannager] - <update real server channel readability, true true>
2017-08-28 10:33:37,540 INFO [org.fengfei.lanproxy.client.ClientChannelMannager] - <update real server channel readability, true true>
2017-08-28 10:33:37,719 INFO [org.fengfei.lanproxy.client.ClientChannelMannager] - <update real server channel readability, true true>
2017-08-28 10:33:37,892 INFO [org.fengfei.lanproxy.client.ClientChannelMannager] - <update real server channel readability, true true>
2017-08-28 10:33:38,084 INFO [org.fengfei.lanproxy.client.ClientChannelMannager] - <update real server channel readability, true true>
2017-08-28 10:33:38,309 INFO [org.fengfei.lanproxy.client.ClientChannelMannager] - <update real server channel readability, true true>
2017-08-28 10:33:38,516 INFO [org.fengfei.lanproxy.client.ClientChannelMannager] - <update real server channel readability, true true>
2017-08-28 10:33:38,717 INFO [org.fengfei.lanproxy.client.ClientChannelMannager] - <update real server channel readability, true true>
2017-08-28 10:33:38,895 INFO [org.fengfei.lanproxy.client.ClientChannelMannager] - <update real server channel readability, true true>
2017-08-28 10:33:39,142 INFO [org.fengfei.lanproxy.client.ClientChannelMannager] - <update real server channel readability, true true>
2017-08-28 10:39:21,708 INFO [org.fengfei.lanproxy.client.ClientChannelMannager] - <update real server channel readability, true true>
2017-08-28 10:46:01,660 INFO [org.fengfei.lanproxy.client.ClientChannelMannager] - <update real server channel readability, true true>
2017-08-28 10:47:06,675 INFO [org.fengfei.lanproxy.client.ClientChannelMannager] - <update real server channel readability, true true>
2017-08-28 10:52:42,535 INFO [org.fengfei.lanproxy.client.ClientChannelMannager] - <update real server channel readability, true true>
2017-08-28 10:52:42,881 INFO [org.fengfei.lanproxy.client.ClientChannelMannager] - <update real server channel readability, true true>
2017-08-28 10:52:43,130 INFO [org.fengfei.lanproxy.client.ClientChannelMannager] - <update real server channel readability, true true>
2017-08-28 10:52:43,360 INFO [org.fengfei.lanproxy.client.ClientChannelMannager] - <update real server channel readability, true true>
2017-08-28 10:52:43,582 INFO [org.fengfei.lanproxy.client.ClientChannelMannager] - <update real server channel readability, true true>
2017-08-28 10:52:43,783 INFO [org.fengfei.lanproxy.client.ClientChannelMannager] - <update real server channel readability, true true>
2017-08-28 10:52:43,942 INFO [org.fengfei.lanproxy.client.ClientChannelMannager] - <update real server channel readability, true true>
2017-08-28 10:52:44,141 INFO [org.fengfei.lanproxy.client.ClientChannelMannager] - <update real server channel readability, true true>
2017-08-28 10:52:44,334 INFO [org.fengfei.lanproxy.client.ClientChannelMannager] - <update real server channel readability, true true>
2017-08-28 11:09:27,729 INFO [org.fengfei.lanproxy.client.ClientChannelMannager] - <update real server channel readability, true true>
2017-08-28 11:16:49,019 INFO [org.fengfei.lanproxy.client.ClientChannelMannager] - <update real server channel readability, true true>
2017-08-28 11:18:24,771 INFO [org.fengfei.lanproxy.client.ClientChannelMannager] - <update real server channel readability, true true>
2017-08-28 11:52:43,963 INFO [org.fengfei.lanproxy.client.ClientChannelMannager] - <update real server channel readability, true true>
2017-08-28 11:55:11,902 INFO [org.fengfei.lanproxy.client.ClientChannelMannager] - <update real server channel readability, true true>
2017-08-28 12:09:19,635 INFO [org.fengfei.lanproxy.client.ClientChannelMannager] - <update real server channel readability, true true>
2017-08-28 12:09:37,365 INFO [org.fengfei.lanproxy.client.ClientChannelMannager] - <update real server channel readability, true true>
2017-08-28 13:11:54,875 INFO [org.fengfei.lanproxy.client.ClientChannelMannager] - <update real server channel readability, true true>
2017-08-28 13:20:38,798 INFO [org.fengfei.lanproxy.common.container.ContainerHelper] - <starting container [org.fengfei.lanproxy.client.ProxyClientContainer]>
2017-08-28 13:20:38,980 INFO [org.fengfei.lanproxy.common.container.ContainerHelper] - <container [org.fengfei.lanproxy.client.ProxyClientContainer] started>
2017-08-28 13:20:39,080 INFO [org.fengfei.lanproxy.client.ProxyClientContainer] - <connect proxy server success, [id: 0xf4beb988, L:/192.168.117.254:65183 - R:/182.61.61.215:4900]>
2017-08-28 13:21:15,730 INFO [org.fengfei.lanproxy.common.container.ContainerHelper] - <starting container [org.fengfei.lanproxy.client.ProxyClientContainer]>
2017-08-28 13:21:15,790 INFO [org.fengfei.lanproxy.common.container.ContainerHelper] - <container [org.fengfei.lanproxy.client.ProxyClientContainer] started>
2017-08-28 13:21:15,842 INFO [org.fengfei.lanproxy.client.ProxyClientContainer] - <connect proxy server success, [id: 0x4e1f9810, L:/192.168.117.254:65298 - R:/182.61.61.215:4900]>
2017-08-28 13:23:01,765 INFO [org.fengfei.lanproxy.client.ClientChannelMannager] - <update real server channel readability, true true>
2017-08-28 13:23:01,765 INFO [org.fengfei.lanproxy.client.ClientChannelMannager] - <update real server channel readability, true true>
2017-08-28 13:23:55,520 INFO [org.fengfei.lanproxy.client.ClientChannelMannager] - <update real server channel readability, true true>
2017-08-28 13:24:26,896 INFO [org.fengfei.lanproxy.common.container.ContainerHelper] - <starting container [org.fengfei.lanproxy.client.ProxyClientContainer]>
2017-08-28 13:24:26,954 INFO [org.fengfei.lanproxy.common.container.ContainerHelper] - <container [org.fengfei.lanproxy.client.ProxyClientContainer] started>
2017-08-28 13:24:27,006 INFO [org.fengfei.lanproxy.client.ProxyClientContainer] - <connect proxy server success, [id: 0x3f0610a4, L:/192.168.117.254:49507 - R:/182.61.61.215:4900]>
2017-08-28 13:24:33,844 INFO [org.fengfei.lanproxy.common.container.ContainerHelper] - <starting container [org.fengfei.lanproxy.client.ProxyClientContainer]>
2017-08-28 13:24:33,902 INFO [org.fengfei.lanproxy.common.container.ContainerHelper] - <container [org.fengfei.lanproxy.client.ProxyClientContainer] started>
2017-08-28 13:24:33,958 INFO [org.fengfei.lanproxy.client.ProxyClientContainer] - <connect proxy server success, [id: 0x6f23ddc4, L:/192.168.117.254:49553 - R:/182.61.61.215:4900]>
2017-08-28 13:24:36,116 INFO [org.fengfei.lanproxy.client.ClientChannelMannager] - <update real server channel readability, true true>
2017-08-28 13:24:36,116 INFO [org.fengfei.lanproxy.client.ClientChannelMannager] - <update real server channel readability, true true>
2017-08-28 13:24:36,118 INFO [org.fengfei.lanproxy.client.ClientChannelMannager] - <update real server channel readability, true true>
2017-08-28 13:28:19,438 INFO [org.fengfei.lanproxy.common.container.ContainerHelper] - <starting container [org.fengfei.lanproxy.client.ProxyClientContainer]>
2017-08-28 13:28:19,622 INFO [org.fengfei.lanproxy.common.container.ContainerHelper] - <container [org.fengfei.lanproxy.client.ProxyClientContainer] started>
2017-08-28 13:28:19,697 INFO [org.fengfei.lanproxy.client.ProxyClientContainer] - <connect proxy server success, [id: 0x0b683ef6, L:/192.168.117.254:50217 - R:/182.61.61.215:4900]>
2017-08-28 13:28:19,734 WARN [org.fengfei.lanproxy.client.ClientChannelMannager] - <channel closed, clear real server channels>
2017-08-28 13:28:21,771 INFO [org.fengfei.lanproxy.client.ProxyClientContainer] - <connect proxy server success, [id: 0x7ff6bd21, L:/192.168.117.254:50228 - R:/182.61.61.215:4900]>
2017-08-28 13:28:21,802 WARN [org.fengfei.lanproxy.client.ClientChannelMannager] - <channel closed, clear real server channels>
2017-08-28 13:28:23,837 INFO [org.fengfei.lanproxy.client.ProxyClientContainer] - <connect proxy server success, [id: 0xc070cb39, L:/192.168.117.254:50235 - R:/182.61.61.215:4900]>
2017-08-28 13:28:23,869 WARN [org.fengfei.lanproxy.client.ClientChannelMannager] - <channel closed, clear real server channels>
2017-08-28 13:28:25,904 INFO [org.fengfei.lanproxy.client.ProxyClientContainer] - <connect proxy server success, [id: 0xfebf9b5c, L:/192.168.117.254:50241 - R:/182.61.61.215:4900]>
2017-08-28 13:28:25,937 WARN [org.fengfei.lanproxy.client.ClientChannelMannager] - <channel closed, clear real server channels>
2017-08-28 13:28:27,972 INFO [org.fengfei.lanproxy.client.ProxyClientContainer] - <connect proxy server success, [id: 0x8724aa3c, L:/192.168.117.254:50250 - R:/182.61.61.215:4900]>
2017-08-28 13:28:28,004 WARN [org.fengfei.lanproxy.client.ClientChannelMannager] - <channel closed, clear real server channels>
2017-08-28 13:28:30,039 INFO [org.fengfei.lanproxy.client.ProxyClientContainer] - <connect proxy server success, [id: 0x948d7d1f, L:/192.168.117.254:50255 - R:/182.61.61.215:4900]>
2017-08-28 13:28:30,071 WARN [org.fengfei.lanproxy.client.ClientChannelMannager] - <channel closed, clear real server channels>
2017-08-28 13:28:32,144 INFO [org.fengfei.lanproxy.client.ProxyClientContainer] - <connect proxy server success, [id: 0x10c61450, L:/192.168.117.254:50261 - R:/182.61.61.215:4900]>
2017-08-28 13:28:32,175 WARN [org.fengfei.lanproxy.client.ClientChannelMannager] - <channel closed, clear real server channels>
2017-08-28 13:34:16,042 INFO [org.fengfei.lanproxy.common.container.ContainerHelper] - <starting container [org.fengfei.lanproxy.client.ProxyClientContainer]>
2017-08-28 13:34:16,098 INFO [org.fengfei.lanproxy.common.container.ContainerHelper] - <container [org.fengfei.lanproxy.client.ProxyClientContainer] started>
2017-08-28 13:34:16,151 INFO [org.fengfei.lanproxy.client.ProxyClientContainer] - <connect proxy server success, [id: 0xfae1f959, L:/192.168.117.254:51280 - R:/182.61.61.215:4900]>
2017-08-28 13:34:16,190 WARN [org.fengfei.lanproxy.client.ClientChannelMannager] - <channel closed, clear real server channels>
2017-08-28 13:34:34,586 INFO [org.fengfei.lanproxy.common.container.ContainerHelper] - <starting container [org.fengfei.lanproxy.client.ProxyClientContainer]>
2017-08-28 13:34:34,652 INFO [org.fengfei.lanproxy.common.container.ContainerHelper] - <container [org.fengfei.lanproxy.client.ProxyClientContainer] started>
2017-08-28 13:34:34,707 INFO [org.fengfei.lanproxy.client.ProxyClientContainer] - <connect proxy server success, [id: 0xeea33c2f, L:/192.168.117.254:51322 - R:/182.61.61.215:4900]>
2017-08-28 13:34:34,746 WARN [org.fengfei.lanproxy.client.ClientChannelMannager] - <channel closed, clear real server channels>
2017-08-28 13:34:36,780 INFO [org.fengfei.lanproxy.client.ProxyClientContainer] - <connect proxy server success, [id: 0xaa29d3ff, L:/192.168.117.254:51326 - R:/182.61.61.215:4900]>
2017-08-28 13:34:36,811 WARN [org.fengfei.lanproxy.client.ClientChannelMannager] - <channel closed, clear real server channels>
2017-08-28 13:34:49,291 INFO [org.fengfei.lanproxy.common.container.ContainerHelper] - <starting container [org.fengfei.lanproxy.client.ProxyClientContainer]>
2017-08-28 13:34:49,350 INFO [org.fengfei.lanproxy.common.container.ContainerHelper] - <container [org.fengfei.lanproxy.client.ProxyClientContainer] started>
2017-08-28 13:34:49,404 INFO [org.fengfei.lanproxy.client.ProxyClientContainer] - <connect proxy server success, [id: 0x7e40f9ac, L:/192.168.117.254:51358 - R:/182.61.61.215:4900]>
2017-08-28 13:34:49,442 WARN [org.fengfei.lanproxy.client.ClientChannelMannager] - <channel closed, clear real server channels>
2017-08-28 13:34:51,479 INFO [org.fengfei.lanproxy.client.ProxyClientContainer] - <connect proxy server success, [id: 0x73bf83fa, L:/192.168.117.254:51361 - R:/182.61.61.215:4900]>
2017-08-28 13:34:51,514 WARN [org.fengfei.lanproxy.client.ClientChannelMannager] - <channel closed, clear real server channels>
2017-08-28 13:34:53,551 INFO [org.fengfei.lanproxy.client.ProxyClientContainer] - <connect proxy server success, [id: 0x3350898e, L:/192.168.117.254:51366 - R:/182.61.61.215:4900]>
2017-08-28 13:34:53,584 WARN [org.fengfei.lanproxy.client.ClientChannelMannager] - <channel closed, clear real server channels>
2017-08-28 13:34:59,959 INFO [org.fengfei.lanproxy.common.container.ContainerHelper] - <starting container [org.fengfei.lanproxy.client.ProxyClientContainer]>
2017-08-28 13:35:00,020 INFO [org.fengfei.lanproxy.common.container.ContainerHelper] - <container [org.fengfei.lanproxy.client.ProxyClientContainer] started>
2017-08-28 13:35:00,100 INFO [org.fengfei.lanproxy.client.ProxyClientContainer] - <connect proxy server success, [id: 0x4fb57b80, L:/192.168.117.254:51391 - R:/182.61.61.215:4900]>
2017-08-28 13:35:00,138 WARN [org.fengfei.lanproxy.client.ClientChannelMannager] - <channel closed, clear real server channels>
2017-08-28 13:35:57,484 INFO [org.fengfei.lanproxy.common.container.ContainerHelper] - <starting container [org.fengfei.lanproxy.client.ProxyClientContainer]>
2017-08-28 13:35:57,541 INFO [org.fengfei.lanproxy.common.container.ContainerHelper] - <container [org.fengfei.lanproxy.client.ProxyClientContainer] started>
2017-08-28 13:35:57,595 INFO [org.fengfei.lanproxy.client.ProxyClientContainer] - <connect proxy server success, [id: 0x9c117ea9, L:/192.168.117.254:51510 - R:/182.61.61.215:4900]>
2017-08-28 13:35:57,633 WARN [org.fengfei.lanproxy.client.ClientChannelMannager] - <channel closed, clear real server channels>
2017-08-28 13:35:59,671 INFO [org.fengfei.lanproxy.client.ProxyClientContainer] - <connect proxy server success, [id: 0x2aa1dfe9, L:/192.168.117.254:51514 - R:/182.61.61.215:4900]>
2017-08-28 13:35:59,707 WARN [org.fengfei.lanproxy.client.ClientChannelMannager] - <channel closed, clear real server channels>
2017-08-28 13:36:30,882 INFO [org.fengfei.lanproxy.common.container.ContainerHelper] - <starting container [org.fengfei.lanproxy.client.ProxyClientContainer]>
2017-08-28 13:36:30,938 INFO [org.fengfei.lanproxy.common.container.ContainerHelper] - <container [org.fengfei.lanproxy.client.ProxyClientContainer] started>
2017-08-28 13:36:30,994 INFO [org.fengfei.lanproxy.client.ProxyClientContainer] - <connect proxy server success, [id: 0xc718cb81, L:/192.168.117.254:51576 - R:/182.61.61.215:4900]>
2017-08-28 13:36:31,032 WARN [org.fengfei.lanproxy.client.ClientChannelMannager] - <channel closed, clear real server channels>
2017-08-28 13:36:33,070 INFO [org.fengfei.lanproxy.client.ProxyClientContainer] - <connect proxy server success, [id: 0x8a8644ef, L:/192.168.117.254:51579 - R:/182.61.61.215:4900]>
2017-08-28 13:36:33,105 WARN [org.fengfei.lanproxy.client.ClientChannelMannager] - <channel closed, clear real server channels>
2017-08-28 13:38:08,518 INFO [org.fengfei.lanproxy.common.container.ContainerHelper] - <starting container [org.fengfei.lanproxy.client.ProxyClientContainer]>
2017-08-28 13:38:08,574 INFO [org.fengfei.lanproxy.common.container.ContainerHelper] - <container [org.fengfei.lanproxy.client.ProxyClientContainer] started>
2017-08-28 13:38:08,627 INFO [org.fengfei.lanproxy.client.ProxyClientContainer] - <connect proxy server success, [id: 0x16dc095f, L:/192.168.117.254:51735 - R:/182.61.61.215:4900]>
2017-08-28 13:38:08,665 WARN [org.fengfei.lanproxy.client.ClientChannelMannager] - <channel closed, clear real server channels>
2017-08-28 13:38:24,563 INFO [org.fengfei.lanproxy.common.container.ContainerHelper] - <starting container [org.fengfei.lanproxy.client.ProxyClientContainer]>
2017-08-28 13:38:24,620 INFO [org.fengfei.lanproxy.common.container.ContainerHelper] - <container [org.fengfei.lanproxy.client.ProxyClientContainer] started>
2017-08-28 13:38:24,671 INFO [org.fengfei.lanproxy.client.ProxyClientContainer] - <connect proxy server success, [id: 0x0712dab1, L:/192.168.117.254:51775 - R:/182.61.61.215:4900]>
2017-08-28 13:38:24,708 WARN [org.fengfei.lanproxy.client.ClientChannelMannager] - <channel closed, clear real server channels>
2017-08-28 13:39:32,732 INFO [org.fengfei.lanproxy.common.container.ContainerHelper] - <starting container [org.fengfei.lanproxy.client.ProxyClientContainer]>
2017-08-28 13:39:32,789 INFO [org.fengfei.lanproxy.common.container.ContainerHelper] - <container [org.fengfei.lanproxy.client.ProxyClientContainer] started>
2017-08-28 13:39:32,842 INFO [org.fengfei.lanproxy.client.ProxyClientContainer] - <connect proxy server success, [id: 0xe7a65ec0, L:/192.168.117.254:51892 - R:/182.61.61.215:4900]>
2017-08-28 13:39:32,880 WARN [org.fengfei.lanproxy.client.ClientChannelMannager] - <channel closed, clear real server channels>
2017-08-28 13:40:02,216 INFO [org.fengfei.lanproxy.common.container.ContainerHelper] - <starting container [org.fengfei.lanproxy.client.ProxyClientContainer]>
2017-08-28 13:40:02,272 INFO [org.fengfei.lanproxy.common.container.ContainerHelper] - <container [org.fengfei.lanproxy.client.ProxyClientContainer] started>
2017-08-28 13:40:02,325 INFO [org.fengfei.lanproxy.client.ProxyClientContainer] - <connect proxy server success, [id: 0x81f6b51c, L:/192.168.117.254:51949 - R:/182.61.61.215:4900]>
2017-08-28 13:40:02,368 WARN [org.fengfei.lanproxy.client.ClientChannelMannager] - <channel closed, clear real server channels>
2017-08-28 13:40:11,870 INFO [org.fengfei.lanproxy.common.container.ContainerHelper] - <starting container [org.fengfei.lanproxy.client.ProxyClientContainer]>
2017-08-28 13:40:11,929 INFO [org.fengfei.lanproxy.common.container.ContainerHelper] - <container [org.fengfei.lanproxy.client.ProxyClientContainer] started>
2017-08-28 13:40:11,983 INFO [org.fengfei.lanproxy.client.ProxyClientContainer] - <connect proxy server success, [id: 0x05a629e5, L:/192.168.117.254:51977 - R:/182.61.61.215:4900]>
2017-08-28 13:40:12,019 WARN [org.fengfei.lanproxy.client.ClientChannelMannager] - <channel closed, clear real server channels>
2017-08-28 13:41:03,951 INFO [org.fengfei.lanproxy.common.container.ContainerHelper] - <starting container [org.fengfei.lanproxy.client.ProxyClientContainer]>
2017-08-28 13:41:04,006 INFO [org.fengfei.lanproxy.common.container.ContainerHelper] - <container [org.fengfei.lanproxy.client.ProxyClientContainer] started>
2017-08-28 13:41:04,065 INFO [org.fengfei.lanproxy.client.ProxyClientContainer] - <connect proxy server success, [id: 0xf43a40a9, L:/192.168.117.254:52078 - R:/182.61.61.215:4900]>
2017-08-28 13:41:04,105 WARN [org.fengfei.lanproxy.client.ClientChannelMannager] - <channel closed, clear real server channels>
2017-08-28 13:41:16,097 INFO [org.fengfei.lanproxy.common.container.ContainerHelper] - <starting container [org.fengfei.lanproxy.client.ProxyClientContainer]>
2017-08-28 13:41:16,152 INFO [org.fengfei.lanproxy.common.container.ContainerHelper] - <container [org.fengfei.lanproxy.client.ProxyClientContainer] started>
2017-08-28 13:41:16,207 INFO [org.fengfei.lanproxy.client.ProxyClientContainer] - <connect proxy server success, [id: 0x570eacca, L:/192.168.117.254:52113 - R:/182.61.61.215:4900]>
2017-08-28 13:41:16,246 WARN [org.fengfei.lanproxy.client.ClientChannelMannager] - <channel closed, clear real server channels>
2017-08-28 13:41:18,281 INFO [org.fengfei.lanproxy.client.ProxyClientContainer] - <connect proxy server success, [id: 0xee740e80, L:/192.168.117.254:52117 - R:/182.61.61.215:4900]>
2017-08-28 13:41:18,313 WARN [org.fengfei.lanproxy.client.ClientChannelMannager] - <channel closed, clear real server channels>
2017-08-28 13:41:20,352 INFO [org.fengfei.lanproxy.client.ProxyClientContainer] - <connect proxy server success, [id: 0x28bcc272, L:/192.168.117.254:52122 - R:/182.61.61.215:4900]>
2017-08-28 13:41:20,388 WARN [org.fengfei.lanproxy.client.ClientChannelMannager] - <channel closed, clear real server channels>
2017-08-28 13:44:58,234 INFO [org.fengfei.lanproxy.common.container.ContainerHelper] - <starting container [org.fengfei.lanproxy.client.ProxyClientContainer]>
2017-08-28 13:49:22,801 INFO [org.fengfei.lanproxy.common.container.ContainerHelper] - <starting container [org.fengfei.lanproxy.client.ProxyClientContainer]>
2017-08-28 13:49:22,944 INFO [org.fengfei.lanproxy.common.container.ContainerHelper] - <container [org.fengfei.lanproxy.client.ProxyClientContainer] started>
2017-08-28 13:49:23,042 INFO [org.fengfei.lanproxy.client.ProxyClientContainer] - <connect proxy server success, [id: 0xead6ac20, L:/192.168.117.254:52851 - R:/182.61.61.215:4900]>
2017-08-28 13:49:23,090 WARN [org.fengfei.lanproxy.client.ClientChannelMannager] - <channel closed, clear real server channels>
2017-08-28 13:49:25,128 INFO [org.fengfei.lanproxy.client.ProxyClientContainer] - <connect proxy server success, [id: 0x122a1d0e, L:/192.168.117.254:52854 - R:/182.61.61.215:4900]>
2017-08-28 13:49:25,163 WARN [org.fengfei.lanproxy.client.ClientChannelMannager] - <channel closed, clear real server channels>
2017-08-28 13:49:27,197 INFO [org.fengfei.lanproxy.client.ProxyClientContainer] - <connect proxy server success, [id: 0xd66de39f, L:/192.168.117.254:52859 - R:/182.61.61.215:4900]>
2017-08-28 13:49:27,230 WARN [org.fengfei.lanproxy.client.ClientChannelMannager] - <channel closed, clear real server channels>
2017-08-28 14:23:08,868 INFO [org.fengfei.lanproxy.common.container.ContainerHelper] - <starting container [org.fengfei.lanproxy.client.ProxyClientContainer]>
2017-08-28 14:23:08,942 INFO [org.fengfei.lanproxy.common.container.ContainerHelper] - <container [org.fengfei.lanproxy.client.ProxyClientContainer] started>
2017-08-28 14:23:10,051 WARN [org.fengfei.lanproxy.client.ProxyClientContainer] - <connect proxy server failed>
java.net.ConnectException: Connection refused: no further information: /182.61.61.215:4901
	at sun.nio.ch.SocketChannelImpl.checkConnect(Native Method)
	at sun.nio.ch.SocketChannelImpl.finishConnect(SocketChannelImpl.java:717)
	at io.netty.channel.socket.nio.NioSocketChannel.doFinishConnect(NioSocketChannel.java:224)
	at io.netty.channel.nio.AbstractNioChannel$AbstractNioUnsafe.finishConnect(AbstractNioChannel.java:289)
	at io.netty.channel.nio.NioEventLoop.processSelectedKey(NioEventLoop.java:545)
	at io.netty.channel.nio.NioEventLoop.processSelectedKeysOptimized(NioEventLoop.java:485)
	at io.netty.channel.nio.NioEventLoop.processSelectedKeys(NioEventLoop.java:399)
	at io.netty.channel.nio.NioEventLoop.run(NioEventLoop.java:371)
	at io.netty.util.concurrent.SingleThreadEventExecutor$2.run(SingleThreadEventExecutor.java:112)
	at io.netty.util.concurrent.DefaultThreadFactory$DefaultRunnableDecorator.run(DefaultThreadFactory.java:137)
	at java.lang.Thread.run(Thread.java:745)
